<?xml version="1.0" encoding="UTF-8"?>
<testsuite name="komendant.nasa.neo.NeoServiceTest" tests="1" skipped="0" failures="0" errors="0" timestamp="2020-04-28T23:22:43" hostname="Home" time="29.107">
  <properties/>
  <testcase name="getAsteroids" classname="komendant.nasa.neo.NeoServiceTest" time="29.107"/>
  <system-out><![CDATA[]]></system-out>
  <system-err><![CDATA[]]></system-err>
</testsuite>
